<?xml version="1.0" encoding="UTF-8"?>
<testsuite name="AppTest" tests="1" skipped="0" failures="0" errors="0" timestamp="2022-08-03T20:30:37" hostname="Abhisheks-MBP.attlocal.net" time="0.001">
  <properties/>
  <testcase name="testAppOne" classname="AppTest" time="0.001"/>
  <system-out><![CDATA[]]></system-out>
  <system-err><![CDATA[]]></system-err>
</testsuite>
